<?xml version="1.0" encoding="UTF-8"?>
<!-- Generated by org.testng.reporters.JUnitReportReporter -->
<testsuite hostname="LSPL309-PC" name="com.testcases.driverscripts.NewTest" tests="1" failures="0" timestamp="29 Nov 2019 11:50:05 GMT" time="0.012" errors="0">
  <testcase name="f" time="0.012" classname="com.testcases.driverscripts.NewTest"/>
</testsuite> <!-- com.testcases.driverscripts.NewTest -->
