<?xml version="1.0" encoding="UTF-8"?>
<!-- Generated by org.testng.reporters.JUnitReportReporter -->
<testsuite hostname="LSPL309-PC" name="com.testcases.driverscripts.NewTest" tests="1" failures="0" timestamp="20 Nov 2019 09:18:16 GMT" time="40.858" errors="0">
  <testcase name="f" time="40.858" classname="com.testcases.driverscripts.NewTest"/>
</testsuite> <!-- com.testcases.driverscripts.NewTest -->
